<?xml version="1.0" encoding="UTF-8"?>
<!-- Generated by org.testng.reporters.JUnitReportReporter -->
<testsuite hostname="DESKTOP-OSIR3EG" failures="0" tests="1" name="ReverseIntegerTest" time="0.006" errors="0" timestamp="2021-04-15T13:16:38 PDT" skipped="0">
  <testcase classname="ReverseIntegerTest" name="testReverseInteger" time="0.006"/>
  <system-out/>
</testsuite> <!-- ReverseIntegerTest -->
